#
# There is insufficient memory for the Java Runtime Environment to continue.
# Native memory allocation (mmap) failed to map 268435456 bytes for G1 virtual space
# Possible reasons:
#   The system is out of physical RAM or swap space
#   The process is running with CompressedOops enabled, and the Java Heap may be blocking the growth of the native heap
# Possible solutions:
#   Reduce memory load on the system
#   Increase physical memory or swap space
#   Check if swap backing store is full
#   Decrease Java heap size (-Xmx/-Xms)
#   Decrease number of Java threads
#   Decrease Java thread stack sizes (-Xss)
#   Set larger code cache with -XX:ReservedCodeCacheSize=
#   JVM is running with Zero Based Compressed Oops mode in which the Java heap is
#     placed in the first 32GB address space. The Java Heap base address is the
#     maximum limit for the native heap growth. Please use -XX:HeapBaseMinAddress
#     to set the Java Heap base and to place the Java Heap above 32GB virtual address.
# This output file may be truncated or incomplete.
#
#  Out of Memory Error (os_windows.cpp:3550), pid=16200, tid=11736
#
# JRE version:  (17.0.6+9) (build )
# Java VM: Java HotSpot(TM) 64-Bit Server VM (17.0.6+9-LTS-190, mixed mode, emulated-client, sharing, tiered, compressed oops, compressed class ptrs, g1 gc, windows-amd64)
# No core dump will be written. Minidumps are not enabled by default on client versions of Windows
#

---------------  S U M M A R Y ------------

Command Line: -XX:TieredStopAtLevel=1 -Dspring.output.ansi.enabled=always -Dcom.sun.management.jmxremote -Dspring.jmx.enabled=true -Dspring.liveBeansView.mbeanDomain -Dspring.application.admin.enabled=true -Dmanagement.endpoints.jmx.exposure.include=* -javaagent:C:\Program Files\JetBrains\IntelliJ IDEA 2023.1\lib\idea_rt.jar=65401:C:\Program Files\JetBrains\IntelliJ IDEA 2023.1\bin -Dfile.encoding=UTF-8 com.upc.contactosjwt.ContactosJwtApplication

Host: Intel(R) Core(TM) i7-8650U CPU @ 1.90GHz, 8 cores, 15G,  Windows 11 , 64 bit Build 22621 (10.0.22621.3374)
Time: Wed Apr 17 16:14:00 2024 Hora est. Pacífico, Sudamérica elapsed time: 0.025342 seconds (0d 0h 0m 0s)

---------------  T H R E A D  ---------------

Current thread (0x0000021e0afa0710):  JavaThread "Unknown thread" [_thread_in_vm, id=11736, stack(0x0000007879b00000,0x0000007879c00000)]

Stack: [0x0000007879b00000,0x0000007879c00000]
Native frames: (J=compiled Java code, j=interpreted, Vv=VM code, C=native code)
V  [jvm.dll+0x6734ea]
V  [jvm.dll+0x7d18f4]
V  [jvm.dll+0x7d309e]
V  [jvm.dll+0x7d3703]
V  [jvm.dll+0x2433c5]
V  [jvm.dll+0x6703f9]
V  [jvm.dll+0x664d32]
V  [jvm.dll+0x300086]
V  [jvm.dll+0x307606]
V  [jvm.dll+0x356c1e]
V  [jvm.dll+0x356e4f]
V  [jvm.dll+0x2d72e8]
V  [jvm.dll+0x2d8254]
V  [jvm.dll+0x7a33b1]
V  [jvm.dll+0x3647f1]
V  [jvm.dll+0x782839]
V  [jvm.dll+0x3e757f]
V  [jvm.dll+0x3e9001]
C  [jli.dll+0x5297]
C  [ucrtbase.dll+0x29333]
C  [KERNEL32.DLL+0x1257d]
C  [ntdll.dll+0x5aa48]


---------------  P R O C E S S  ---------------

Threads class SMR info:
_java_thread_list=0x00007ffb8894e958, length=0, elements={
}

Java Threads: ( => current thread )

Other Threads:
  0x0000021e0b00e6c0 GCTaskThread "GC Thread#0" [stack: 0x0000007879c00000,0x0000007879d00000] [id=26144]
  0x0000021e0b0203e0 ConcurrentGCThread "G1 Main Marker" [stack: 0x0000007879d00000,0x0000007879e00000] [id=9868]
  0x0000021e0b0214a0 ConcurrentGCThread "G1 Conc#0" [stack: 0x0000007879e00000,0x0000007879f00000] [id=4068]

[error occurred during error reporting (printing all threads), id 0xc0000005, EXCEPTION_ACCESS_VIOLATION (0xc0000005) at pc=0x00007ffb88187f07]

VM state: not at safepoint (not fully initialized)

VM Mutex/Monitor currently owned by a thread:  ([mutex/lock_event])
[0x0000021e0af91060] Heap_lock - owner thread: 0x0000021e0afa0710

Heap address: 0x0000000701400000, size: 4076 MB, Compressed Oops mode: Zero based, Oop shift amount: 3

CDS archive(s) mapped at: [0x0000000000000000-0x0000000000000000-0x0000000000000000), size 0, SharedBaseAddress: 0x0000000800000000, ArchiveRelocationMode: 0.
Narrow klass base: 0x0000000000000000, Narrow klass shift: 0, Narrow klass range: 0x0

GC Precious Log:
<Empty>

Heap:
 garbage-first heap   total 0K, used 0K [0x0000000701400000, 0x0000000800000000)
  region size 2048K, 0 young (0K), 0 survivors (0K)

[error occurred during error reporting (printing heap information), id 0xc0000005, EXCEPTION_ACCESS_VIOLATION (0xc0000005) at pc=0x00007ffb8856c759]

GC Heap History (0 events):
No events

Deoptimization events (0 events):
No events

Classes unloaded (0 events):
No events

Classes redefined (0 events):
No events

Internal exceptions (0 events):
No events

VM Operations (0 events):
No events

Events (1 events):
Event: 0.016 Loaded shared library C:\Program Files\Java\jdk-17\bin\java.dll


Dynamic libraries:
0x00007ff74c080000 - 0x00007ff74c090000 	C:\Program Files\Java\jdk-17\bin\java.exe
0x00007ffc501d0000 - 0x00007ffc503e6000 	C:\WINDOWS\SYSTEM32\ntdll.dll
0x00007ffc4eae0000 - 0x00007ffc4eba4000 	C:\WINDOWS\System32\KERNEL32.DLL
0x00007ffc4d7c0000 - 0x00007ffc4db67000 	C:\WINDOWS\System32\KERNELBASE.dll
0x00007ffc4d4c0000 - 0x00007ffc4d5d1000 	C:\WINDOWS\System32\ucrtbase.dll
0x00007ffc378f0000 - 0x00007ffc37908000 	C:\Program Files\Java\jdk-17\bin\jli.dll
0x00007ffc37910000 - 0x00007ffc3792b000 	C:\Program Files\Java\jdk-17\bin\VCRUNTIME140.dll
0x00007ffc4fba0000 - 0x00007ffc4fc52000 	C:\WINDOWS\System32\ADVAPI32.dll
0x00007ffc4e6c0000 - 0x00007ffc4e767000 	C:\WINDOWS\System32\msvcrt.dll
0x00007ffc50050000 - 0x00007ffc500f8000 	C:\WINDOWS\System32\sechost.dll
0x00007ffc4dea0000 - 0x00007ffc4dec8000 	C:\WINDOWS\System32\bcrypt.dll
0x00007ffc4df50000 - 0x00007ffc4e065000 	C:\WINDOWS\System32\RPCRT4.dll
0x00007ffc4e880000 - 0x00007ffc4ea2e000 	C:\WINDOWS\System32\USER32.dll
0x00007ffc4c7d0000 - 0x00007ffc4ca63000 	C:\WINDOWS\WinSxS\amd64_microsoft.windows.common-controls_6595b64144ccf1df_6.0.22621.3235_none_270f74e173860f98\COMCTL32.dll
0x00007ffc4dc10000 - 0x00007ffc4dc36000 	C:\WINDOWS\System32\win32u.dll
0x00007ffc4e290000 - 0x00007ffc4e2b9000 	C:\WINDOWS\System32\GDI32.dll
0x00007ffc4d5e0000 - 0x00007ffc4d6f9000 	C:\WINDOWS\System32\gdi32full.dll
0x00007ffc4db70000 - 0x00007ffc4dc0a000 	C:\WINDOWS\System32\msvcp_win.dll
0x00007ffc4bd30000 - 0x00007ffc4bd3a000 	C:\WINDOWS\SYSTEM32\VERSION.dll
0x00007ffc50100000 - 0x00007ffc50131000 	C:\WINDOWS\System32\IMM32.DLL
0x00007ffc205a0000 - 0x00007ffc205ac000 	C:\Program Files\Java\jdk-17\bin\vcruntime140_1.dll
0x00007ffbac700000 - 0x00007ffbac78e000 	C:\Program Files\Java\jdk-17\bin\msvcp140.dll
0x00007ffb87ea0000 - 0x00007ffb88a77000 	C:\Program Files\Java\jdk-17\bin\server\jvm.dll
0x00007ffc4e770000 - 0x00007ffc4e778000 	C:\WINDOWS\System32\PSAPI.DLL
0x00007ffc27f00000 - 0x00007ffc27f09000 	C:\WINDOWS\SYSTEM32\WSOCK32.dll
0x00007ffc3e980000 - 0x00007ffc3e9b4000 	C:\WINDOWS\SYSTEM32\WINMM.dll
0x00007ffc4fe70000 - 0x00007ffc4fee1000 	C:\WINDOWS\System32\WS2_32.dll
0x00007ffc4b590000 - 0x00007ffc4b5a8000 	C:\WINDOWS\SYSTEM32\kernel.appcore.dll
0x00007ffc20590000 - 0x00007ffc2059a000 	C:\Program Files\Java\jdk-17\bin\jimage.dll
0x00007ffc4cd40000 - 0x00007ffc4cf73000 	C:\WINDOWS\SYSTEM32\DBGHELP.DLL
0x00007ffc4e310000 - 0x00007ffc4e698000 	C:\WINDOWS\System32\combase.dll
0x00007ffc4ff00000 - 0x00007ffc4ffd7000 	C:\WINDOWS\System32\OLEAUT32.dll
0x00007ffc4cc30000 - 0x00007ffc4cc62000 	C:\WINDOWS\SYSTEM32\dbgcore.DLL
0x00007ffc4ddb0000 - 0x00007ffc4de29000 	C:\WINDOWS\System32\bcryptPrimitives.dll
0x00007ffc4cc70000 - 0x00007ffc4cc7e000 	C:\Program Files\Java\jdk-17\bin\instrument.dll
0x00007ffc15c20000 - 0x00007ffc15c45000 	C:\Program Files\Java\jdk-17\bin\java.dll

dbghelp: loaded successfully - version: 4.0.5 - missing functions: none
symbol engine: initialized successfully - sym options: 0x614 - pdb path: .;C:\Program Files\Java\jdk-17\bin;C:\WINDOWS\SYSTEM32;C:\WINDOWS\WinSxS\amd64_microsoft.windows.common-controls_6595b64144ccf1df_6.0.22621.3235_none_270f74e173860f98;C:\Program Files\Java\jdk-17\bin\server

VM Arguments:
jvm_args: -XX:TieredStopAtLevel=1 -Dspring.output.ansi.enabled=always -Dcom.sun.management.jmxremote -Dspring.jmx.enabled=true -Dspring.liveBeansView.mbeanDomain -Dspring.application.admin.enabled=true -Dmanagement.endpoints.jmx.exposure.include=* -javaagent:C:\Program Files\JetBrains\IntelliJ IDEA 2023.1\lib\idea_rt.jar=65401:C:\Program Files\JetBrains\IntelliJ IDEA 2023.1\bin -Dfile.encoding=UTF-8 
java_command: com.upc.contactosjwt.ContactosJwtApplication
java_class_path (initial): C:\SpringBoot\contactos-jwt\target\classes;C:\Users\de_ol\.m2\repository\org\springframework\boot\spring-boot-starter-data-jpa\3.1.1\spring-boot-starter-data-jpa-3.1.1.jar;C:\Users\de_ol\.m2\repository\org\springframework\boot\spring-boot-starter-aop\3.1.1\spring-boot-starter-aop-3.1.1.jar;C:\Users\de_ol\.m2\repository\org\aspectj\aspectjweaver\1.9.19\aspectjweaver-1.9.19.jar;C:\Users\de_ol\.m2\repository\org\springframework\boot\spring-boot-starter-jdbc\3.1.1\spring-boot-starter-jdbc-3.1.1.jar;C:\Users\de_ol\.m2\repository\com\zaxxer\HikariCP\5.0.1\HikariCP-5.0.1.jar;C:\Users\de_ol\.m2\repository\org\springframework\spring-jdbc\6.0.10\spring-jdbc-6.0.10.jar;C:\Users\de_ol\.m2\repository\org\hibernate\orm\hibernate-core\6.2.5.Final\hibernate-core-6.2.5.Final.jar;C:\Users\de_ol\.m2\repository\jakarta\persistence\jakarta.persistence-api\3.1.0\jakarta.persistence-api-3.1.0.jar;C:\Users\de_ol\.m2\repository\jakarta\transaction\jakarta.transaction-api\2.0.1\jakarta.transaction-api-2.0.1.jar;C:\Users\de_ol\.m2\repository\org\jboss\logging\jboss-logging\3.5.1.Final\jboss-logging-3.5.1.Final.jar;C:\Users\de_ol\.m2\repository\org\hibernate\common\hibernate-commons-annotations\6.0.6.Final\hibernate-commons-annotations-6.0.6.Final.jar;C:\Users\de_ol\.m2\repository\io\smallrye\jandex\3.0.5\jandex-3.0.5.jar;C:\Users\de_ol\.m2\repository\com\fasterxml\classmate\1.5.1\classmate-1.5.1.jar;C:\Users\de_ol\.m2\repository\net\bytebuddy\byte-buddy\1.14.5\byte-buddy-1.14.5.jar;C:\Users\de_ol\.m2\repository\org\glassfish\jaxb\jaxb-runtime\4.0.3\jaxb-runtime-4.0.3.jar;C:\Users\de_ol\.m2\repository\org\glassfish\jaxb\jaxb-core\4.0.3\jaxb-core-4.0.3.jar;C:\Users\de_ol\.m2\repository\org\eclipse\angus\angus-activation\2.0.1\angus-activation-2.0.1.jar;C:\Users\de_ol\.m2\repository\org\glassfish\jaxb\txw2\4.0.3\txw2-4.0.3.jar;C:\Users\de_ol\.m2\repository\com\sun\istack\istack-commons-runtime\4.1.2\istack-commons-runtime-4.1.2.jar;C:\Users\de_ol\.m2\repository\jakar
Launcher Type: SUN_STANDARD

[Global flags]
     intx CICompilerCount                          = 4                                         {product} {ergonomic}
     uint ConcGCThreads                            = 2                                         {product} {ergonomic}
     uint G1ConcRefinementThreads                  = 8                                         {product} {ergonomic}
   size_t G1HeapRegionSize                         = 2097152                                   {product} {ergonomic}
    uintx GCDrainStackTargetSize                   = 64                                        {product} {ergonomic}
   size_t InitialHeapSize                          = 268435456                                 {product} {ergonomic}
     bool ManagementServer                         = true                                      {product} {command line}
   size_t MarkStackSize                            = 4194304                                   {product} {ergonomic}
   size_t MaxHeapSize                              = 4273995776                                {product} {ergonomic}
   size_t MinHeapDeltaBytes                        = 2097152                                   {product} {ergonomic}
   size_t MinHeapSize                              = 8388608                                   {product} {ergonomic}
    uintx NonProfiledCodeHeapSize                  = 0                                      {pd product} {ergonomic}
     bool ProfileInterpreter                       = false                                  {pd product} {command line}
    uintx ProfiledCodeHeapSize                     = 0                                      {pd product} {ergonomic}
   size_t SoftMaxHeapSize                          = 4273995776                             {manageable} {ergonomic}
     intx TieredStopAtLevel                        = 1                                         {product} {command line}
     bool UseCompressedClassPointers               = true                           {product lp64_product} {ergonomic}
     bool UseCompressedOops                        = true                           {product lp64_product} {ergonomic}
     bool UseG1GC                                  = true                                      {product} {ergonomic}
     bool UseLargePagesIndividualAllocation        = false                                  {pd product} {ergonomic}

Logging:
Log output configuration:
 #0: stdout all=warning uptime,level,tags
 #1: stderr all=off uptime,level,tags

Environment Variables:
JAVA_HOME=C:\Program Files\Java\jdk-17
PATH=C:\Program Files\Java\jdk-17\bin;C:\WINDOWS;C:\WINDOWS\System32\Wbem;C:\WINDOWS\System32\WindowsPowerShell\v1.0\;C:\WINDOWS\System32\OpenSSH\;C:\Program Files\dotnet\;C:\Program Files\Microsoft SQL Server\130\Tools\Binn\;C:\Program Files\Microsoft SQL Server\Client SDK\ODBC\170\Tools\Binn\;C:\Program Files\Microsoft SQL Server\Client SDK\ODBC\130\Tools\Binn\;C:\Program Files (x86)\Microsoft SQL Server\140\Tools\Binn\;C:\Program Files\Microsoft SQL Server\140\Tools\Binn\;C:\Program Files\Microsoft SQL Server\140\DTS\Binn\;C:\Program Files (x86)\Microsoft SQL Server\150\DTS\Binn\;C:\ProgramData\chocolatey\bin;C:\Program Files\Microsoft SQL Server\150\Tools\Binn\;C:\WINDOWS\System32\WindowsPowerShell\v1.0\;C:\Users\de_ol\AppData\Local\Programs\Python\Python312\Lib\site-packages;C:\Users\de_ol\AppData\Local\Programs\Python\Python312\;C:\Users\de_ol\AppData\Local\Programs\Python\Python312\Scripts;C:\Windows\System32;C:\Program Files\nodejs\;C:\Program Files\Docker\Docker\resources\bin;C:\Program Files\PowerShell\7\;C:\Program Files\Git\cmd;C:\Users\de_ol\AppData\Local\Programs\Python\Python312\Scripts\;C:\Users\de_ol\AppData\Local\Programs\Python\Python312\;C:\Users\de_ol\AppData\Local\Programs\Python\Python311\Scripts\;C:\Users\de_ol\AppData\Local\Programs\Python\Python311\;C:\Users\de_ol\AppData\Local\Microsoft\WindowsApps;C:\Users\de_ol\AppData\Local\Programs\Microsoft VS Code\bin;C:\Users\de_ol\.dotnet\tools;C:\Program Files (x86)\Nmap;C:\Users\de_ol\AppData\Local\Google\Cloud SDK\google-cloud-sdk\bin;C:\Windows\System32;C:\Users\de_ol\AppData\Roaming\npm;
USERNAME=de_ol
OS=Windows_NT
PROCESSOR_IDENTIFIER=Intel64 Family 6 Model 142 Stepping 10, GenuineIntel



---------------  S Y S T E M  ---------------

OS:
 Windows 11 , 64 bit Build 22621 (10.0.22621.3374)
OS uptime: 0 days 21:12 hours
Hyper-V role detected

CPU: total 8 (initial active 8) (4 cores per cpu, 2 threads per core) family 6 model 142 stepping 10 microcode 0xf0, cx8, cmov, fxsr, ht, mmx, 3dnowpref, sse, sse2, sse3, ssse3, sse4.1, sse4.2, popcnt, lzcnt, tsc, tscinvbit, avx, avx2, aes, erms, clmul, bmi1, bmi2, rtm, adx, fma, vzeroupper, clflush, clflushopt, hv

Memory: 4k page, system-wide physical 16300M (1291M free)
TotalPageFile size 22366M (AvailPageFile size 137M)
current process WorkingSet (physical memory assigned to process): 11M, peak: 11M
current process commit charge ("private bytes"): 55M, peak: 311M

vm_info: Java HotSpot(TM) 64-Bit Server VM (17.0.6+9-LTS-190) for windows-amd64 JRE (17.0.6+9-LTS-190), built on Dec  6 2022 15:53:54 by "mach5one" with MS VC++ 17.1 (VS2022)

END.
